android/app/build/intermediates/manifest_merge_blame_file/release/manifest-merger-blame-release-report.txt
1<?xml version="1.0" encoding="utf-8"?>
2<manifest xmlns:android="http://schemas.android.com/apk/res/android"
3    package="com.weather"
4    android:versionCode="1"
5    android:versionName="1.0" >
6
7    <uses-sdk
8        android:minSdkVersion="16"
8-->src/main/AndroidManifest.xml
9        android:targetSdkVersion="29" />
9-->src/main/AndroidManifest.xml
10
11    <uses-permission android:name="android.permission.INTERNET" />
11-->src/main/AndroidManifest.xml:4:5-67
11-->src/main/AndroidManifest.xml:4:22-64
12    <uses-permission android:name="android.permission.ACCESS_FINE_LOCATION" />
12-->src/main/AndroidManifest.xml:5:5-79
12-->src/main/AndroidManifest.xml:5:22-76
13    <uses-permission android:name="android.permission.ACCESS_COARSE_LOCATION" /> <!-- Include required permissions for Google Maps API to run. -->
13-->[:react-native-maps] AndroidManifest.xml:10:5-81
13-->[:react-native-maps] AndroidManifest.xml:10:22-78
14    <uses-permission android:name="android.permission.ACCESS_NETWORK_STATE" />
14-->[com.google.android.gms:play-services-maps:17.0.0] AndroidManifest.xml:23:5-79
14-->[com.google.android.gms:play-services-maps:17.0.0] AndroidManifest.xml:23:22-76
15
16    <uses-feature
16-->[com.google.android.gms:play-services-maps:17.0.0] AndroidManifest.xml:26:5-28:35
17        android:glEsVersion="0x00020000"
17-->[com.google.android.gms:play-services-maps:17.0.0] AndroidManifest.xml:27:9-41
18        android:required="true" />
18-->[com.google.android.gms:play-services-maps:17.0.0] AndroidManifest.xml:28:9-32
19
20    <application
20-->src/main/AndroidManifest.xml:7:5-29:19
21        android:name="com.weather.MainApplication"
21-->src/main/AndroidManifest.xml:8:7-38
22        android:allowBackup="false"
22-->src/main/AndroidManifest.xml:12:7-34
23        android:appComponentFactory="androidx.core.app.CoreComponentFactory"
23-->[androidx.core:core:1.1.0] AndroidManifest.xml:24:18-86
24        android:icon="@mipmap/ic_launcher"
24-->src/main/AndroidManifest.xml:10:7-41
25        android:label="@string/app_name"
25-->src/main/AndroidManifest.xml:9:7-39
26        android:roundIcon="@mipmap/ic_launcher_round"
26-->src/main/AndroidManifest.xml:11:7-52
27        android:theme="@style/AppTheme" >
27-->src/main/AndroidManifest.xml:13:7-38
28        <meta-data
28-->src/main/AndroidManifest.xml:14:7-16:67
29            android:name="com.google.android.geo.API_KEY"
29-->src/main/AndroidManifest.xml:15:9-54
30            android:value="AIzaSyD8ewx8tyYVnXt10ChxZOtGZj_-L0ShZ90" />
30-->src/main/AndroidManifest.xml:16:9-64
31
32        <activity
32-->src/main/AndroidManifest.xml:17:7-27:18
33            android:name="com.weather.MainActivity"
33-->src/main/AndroidManifest.xml:18:9-37
34            android:configChanges="keyboard|keyboardHidden|orientation|screenSize|uiMode"
34-->src/main/AndroidManifest.xml:20:9-86
35            android:label="@string/app_name"
35-->src/main/AndroidManifest.xml:19:9-41
36            android:launchMode="singleTask"
36-->src/main/AndroidManifest.xml:21:9-40
37            android:windowSoftInputMode="adjustResize" >
37-->src/main/AndroidManifest.xml:22:9-51
38            <intent-filter>
38-->src/main/AndroidManifest.xml:23:9-26:25
39                <action android:name="android.intent.action.MAIN" />
39-->src/main/AndroidManifest.xml:24:13-65
39-->src/main/AndroidManifest.xml:24:21-62
40
41                <category android:name="android.intent.category.LAUNCHER" />
41-->src/main/AndroidManifest.xml:25:13-73
41-->src/main/AndroidManifest.xml:25:23-70
42            </intent-filter>
43        </activity>
44        <activity android:name="com.facebook.react.devsupport.DevSettingsActivity" />
44-->src/main/AndroidManifest.xml:28:7-84
44-->src/main/AndroidManifest.xml:28:17-81
45        <!-- Needs to be explicitly declared on P+ -->
46        <uses-library
46-->[com.google.android.gms:play-services-maps:17.0.0] AndroidManifest.xml:33:9-35:40
47            android:name="org.apache.http.legacy"
47-->[com.google.android.gms:play-services-maps:17.0.0] AndroidManifest.xml:34:13-50
48            android:required="false" />
48-->[com.google.android.gms:play-services-maps:17.0.0] AndroidManifest.xml:35:13-37
49
50        <activity
50-->[com.google.android.gms:play-services-base:17.0.0] AndroidManifest.xml:23:9-26:75
51            android:name="com.google.android.gms.common.api.GoogleApiActivity"
51-->[com.google.android.gms:play-services-base:17.0.0] AndroidManifest.xml:24:13-79
52            android:exported="false"
52-->[com.google.android.gms:play-services-base:17.0.0] AndroidManifest.xml:25:13-37
53            android:theme="@android:style/Theme.Translucent.NoTitleBar" />
53-->[com.google.android.gms:play-services-base:17.0.0] AndroidManifest.xml:26:13-72
54
55        <meta-data
55-->[com.google.maps.android:android-maps-utils:0.5] AndroidManifest.xml:8:9-10:69
56            android:name="com.google.android.gms.version"
56-->[com.google.maps.android:android-maps-utils:0.5] AndroidManifest.xml:9:13-58
57            android:value="@integer/google_play_services_version" />
57-->[com.google.maps.android:android-maps-utils:0.5] AndroidManifest.xml:10:13-66
58    </application>
59
60</manifest>